
========================[ Sep 6, 2014 11:06 AM ]========================
Version 2.2.26 [Sep-21-2011]
Started database file "toxo.fasta"
Formatted 525 sequences in volume 0
SUCCESS: formatted database toxo.fasta

========================[ Sep 6, 2014 11:13 AM ]========================
Version 2.2.26 [Sep-21-2011]
Started database file "toxo.fasta"
Formatted 525 sequences in volume 0
SUCCESS: formatted database toxo

========================[ Sep 6, 2014  1:08 PM ]========================
Version 2.2.26 [Sep-21-2011]
Started database file "toxo.fasta"
Formatted 500 sequences in volume 0
SUCCESS: formatted database toxo

========================[ Sep 7, 2014  6:58 AM ]========================
Version 2.2.26 [Sep-21-2011]
Started database file "toxo.fasta"
Formatted 16372 sequences in volume 0
SUCCESS: formatted database toxo
